# JRE version: OpenJDK Runtime Environment (22.0.2+9) (build 22.0.2+9-70)
# Java VM: OpenJDK 64-Bit Server VM (22.0.2+9-70, mixed mode, sharing, tiered, compressed oops, compressed class ptrs, g1 gc, bsd-aarch64)
Heap:
 garbage-first heap   total reserved 4718592K, committed 221184K, used 76573K [0x00000006e0000000, 0x0000000800000000)
  region size 4096K, 8 young (32768K), 3 survivors (12288K)
 Metaspace       used 9643K, committed 9920K, reserved 1114112K
  class space    used 940K, committed 1024K, reserved 1048576K
GC Heap History (20 events):
Event: 7862.158 GC heap before
{Heap before GC invocations=3630 (full 2):
 garbage-first heap   total reserved 4718592K, committed 221184K, used 174514K [0x00000006e0000000, 0x0000000800000000)
  region size 4096K, 32 young (131072K), 3 survivors (12288K)
 Metaspace       used 9643K, committed 9920K, reserved 1114112K
  class space    used 940K, committed 1024K, reserved 1048576K
}
Event: 7862.161 GC heap after
{Heap after GC invocations=3631 (full 2):
 garbage-first heap   total reserved 4718592K, committed 221184K, used 59840K [0x00000006e0000000, 0x0000000800000000)
  region size 4096K, 3 young (12288K), 3 survivors (12288K)
 Metaspace       used 9643K, committed 9920K, reserved 1114112K
  class space    used 940K, committed 1024K, reserved 1048576K
}
Event: 7864.050 GC heap before
{Heap before GC invocations=3631 (full 2):
 garbage-first heap   total reserved 4718592K, committed 221184K, used 174528K [0x00000006e0000000, 0x0000000800000000)
  region size 4096K, 32 young (131072K), 3 survivors (12288K)
 Metaspace       used 9643K, committed 9920K, reserved 1114112K
  class space    used 940K, committed 1024K, reserved 1048576K
}
Event: 7864.055 GC heap after
{Heap after GC invocations=3632 (full 2):
 garbage-first heap   total reserved 4718592K, committed 221184K, used 59852K [0x00000006e0000000, 0x0000000800000000)
  region size 4096K, 3 young (12288K), 3 survivors (12288K)
 Metaspace       used 9643K, committed 9920K, reserved 1114112K
  class space    used 940K, committed 1024K, reserved 1048576K
}
Event: 7866.036 GC heap before
{Heap before GC invocations=3632 (full 2):
 garbage-first heap   total reserved 4718592K, committed 221184K, used 174540K [0x00000006e0000000, 0x0000000800000000)
  region size 4096K, 32 young (131072K), 3 survivors (12288K)
 Metaspace       used 9643K, committed 9920K, reserved 1114112K
  class space    used 940K, committed 1024K, reserved 1048576K
}
Event: 7866.038 GC heap after
{Heap after GC invocations=3633 (full 2):
 garbage-first heap   total reserved 4718592K, committed 221184K, used 59864K [0x00000006e0000000, 0x0000000800000000)
  region size 4096K, 3 young (12288K), 3 survivors (12288K)
 Metaspace       used 9643K, committed 9920K, reserved 1114112K
  class space    used 940K, committed 1024K, reserved 1048576K
}
Event: 7868.438 GC heap before
{Heap before GC invocations=3633 (full 2):
 garbage-first heap   total reserved 4718592K, committed 221184K, used 174552K [0x00000006e0000000, 0x0000000800000000)
  region size 4096K, 32 young (131072K), 3 survivors (12288K)
 Metaspace       used 9643K, committed 9920K, reserved 1114112K
  class space    used 940K, committed 1024K, reserved 1048576K
}
Event: 7868.439 GC heap after
{Heap after GC invocations=3634 (full 2):
 garbage-first heap   total reserved 4718592K, committed 221184K, used 59878K [0x00000006e0000000, 0x0000000800000000)
  region size 4096K, 3 young (12288K), 3 survivors (12288K)
 Metaspace       used 9643K, committed 9920K, reserved 1114112K
  class space    used 940K, committed 1024K, reserved 1048576K
}
Event: 7870.351 GC heap before
{Heap before GC invocations=3634 (full 2):
 garbage-first heap   total reserved 4718592K, committed 221184K, used 174566K [0x00000006e0000000, 0x0000000800000000)
  region size 4096K, 32 young (131072K), 3 survivors (12288K)
 Metaspace       used 9643K, committed 9920K, reserved 1114112K
  class space    used 940K, committed 1024K, reserved 1048576K
}
Event: 7870.352 GC heap after
{Heap after GC invocations=3635 (full 2):
 garbage-first heap   total reserved 4718592K, committed 221184K, used 59662K [0x00000006e0000000, 0x0000000800000000)
  region size 4096K, 3 young (12288K), 3 survivors (12288K)
 Metaspace       used 9643K, committed 9920K, reserved 1114112K
  class space    used 940K, committed 1024K, reserved 1048576K
}
Event: 7872.259 GC heap before
{Heap before GC invocations=3635 (full 2):
 garbage-first heap   total reserved 4718592K, committed 221184K, used 174350K [0x00000006e0000000, 0x0000000800000000)
  region size 4096K, 32 young (131072K), 3 survivors (12288K)
 Metaspace       used 9643K, committed 9920K, reserved 1114112K
  class space    used 940K, committed 1024K, reserved 1048576K
}
Event: 7872.262 GC heap after
{Heap after GC invocations=3636 (full 2):
 garbage-first heap   total reserved 4718592K, committed 221184K, used 59905K [0x00000006e0000000, 0x0000000800000000)
  region size 4096K, 3 young (12288K), 3 survivors (12288K)
 Metaspace       used 9643K, committed 9920K, reserved 1114112K
  class space    used 940K, committed 1024K, reserved 1048576K
}
Event: 7874.773 GC heap before
{Heap before GC invocations=3636 (full 2):
 garbage-first heap   total reserved 4718592K, committed 221184K, used 174593K [0x00000006e0000000, 0x0000000800000000)
  region size 4096K, 32 young (131072K), 3 survivors (12288K)
 Metaspace       used 9643K, committed 9920K, reserved 1114112K
  class space    used 940K, committed 1024K, reserved 1048576K
}
Event: 7874.776 GC heap after
{Heap after GC invocations=3637 (full 2):
 garbage-first heap   total reserved 4718592K, committed 221184K, used 59917K [0x00000006e0000000, 0x0000000800000000)
  region size 4096K, 3 young (12288K), 3 survivors (12288K)
 Metaspace       used 9643K, committed 9920K, reserved 1114112K
  class space    used 940K, committed 1024K, reserved 1048576K
}
Event: 7877.659 GC heap before
{Heap before GC invocations=3637 (full 2):
 garbage-first heap   total reserved 4718592K, committed 221184K, used 174605K [0x00000006e0000000, 0x0000000800000000)
  region size 4096K, 32 young (131072K), 3 survivors (12288K)
 Metaspace       used 9643K, committed 9920K, reserved 1114112K
  class space    used 940K, committed 1024K, reserved 1048576K
}
Event: 7877.660 GC heap after
{Heap after GC invocations=3638 (full 2):
 garbage-first heap   total reserved 4718592K, committed 221184K, used 59816K [0x00000006e0000000, 0x0000000800000000)
  region size 4096K, 3 young (12288K), 3 survivors (12288K)
 Metaspace       used 9643K, committed 9920K, reserved 1114112K
  class space    used 940K, committed 1024K, reserved 1048576K
}
Event: 7879.664 GC heap before
{Heap before GC invocations=3638 (full 2):
 garbage-first heap   total reserved 4718592K, committed 221184K, used 174504K [0x00000006e0000000, 0x0000000800000000)
  region size 4096K, 32 young (131072K), 3 survivors (12288K)
 Metaspace       used 9643K, committed 9920K, reserved 1114112K
  class space    used 940K, committed 1024K, reserved 1048576K
}
Event: 7879.667 GC heap after
{Heap after GC invocations=3639 (full 2):
 garbage-first heap   total reserved 4718592K, committed 221184K, used 59945K [0x00000006e0000000, 0x0000000800000000)
  region size 4096K, 3 young (12288K), 3 survivors (12288K)
 Metaspace       used 9643K, committed 9920K, reserved 1114112K
  class space    used 940K, committed 1024K, reserved 1048576K
}
Event: 7882.183 GC heap before
{Heap before GC invocations=3639 (full 2):
 garbage-first heap   total reserved 4718592K, committed 221184K, used 174633K [0x00000006e0000000, 0x0000000800000000)
  region size 4096K, 32 young (131072K), 3 survivors (12288K)
 Metaspace       used 9643K, committed 9920K, reserved 1114112K
  class space    used 940K, committed 1024K, reserved 1048576K
}
Event: 7882.195 GC heap after
{Heap after GC invocations=3640 (full 2):
 garbage-first heap   total reserved 4718592K, committed 221184K, used 59604K [0x00000006e0000000, 0x0000000800000000)
  region size 4096K, 3 young (12288K), 3 survivors (12288K)
 Metaspace       used 9643K, committed 9920K, reserved 1114112K
  class space    used 940K, committed 1024K, reserved 1048576K
}

